<?xml version="1.0" encoding="UTF-8"?>
<testsuite xmlns:xsi="http://www.w3.org/2001/XMLSchema-instance" xsi:noNamespaceSchemaLocation="https://maven.apache.org/surefire/maven-surefire-plugin/xsd/surefire-test-report.xsd" name="com.zelex.handrpc.AppTest" time="0.03" tests="1" errors="0" skipped="0" failures="0">
  <properties>
    <property name="sun.desktop" value="windows"/>
    <property name="awt.toolkit" value="sun.awt.windows.WToolkit"/>
    <property name="file.encoding.pkg" value="sun.io"/>
    <property name="java.specification.version" value="1.8"/>
    <property name="sun.cpu.isalist" value="amd64"/>
    <property name="sun.jnu.encoding" value="GBK"/>
    <property name="java.class.path" value="D:\java_works\rpc_server\rpc_server_provider\target\test-classes;D:\java_works\rpc_server\rpc_server_provider\target\classes;D:\Maven_Local\junit\junit\4.11\junit-4.11.jar;D:\Maven_Local\org\hamcrest\hamcrest-core\1.3\hamcrest-core-1.3.jar;D:\java_works\rpc_server\rpc_server_api\target\rpc_server_api-1.0-SNAPSHOT.jar;"/>
    <property name="java.vm.vendor" value="Oracle Corporation"/>
    <property name="sun.arch.data.model" value="64"/>
    <property name="user.variant" value=""/>
    <property name="java.vendor.url" value="http://java.oracle.com/"/>
    <property name="user.timezone" value="GMT+08:00"/>
    <property name="java.vm.specification.version" value="1.8"/>
    <property name="os.name" value="Windows 10"/>
    <property name="user.country" value="CN"/>
    <property name="sun.java.launcher" value="SUN_STANDARD"/>
    <property name="sun.boot.library.path" value="D:\Programming Software\jdk1.8.0_221\jre\bin"/>
    <property name="sun.java.command" value="C:\Users\zelex\AppData\Local\Temp\surefire1037234597611850624\surefirebooter4381653650076240382.jar C:\Users\zelex\AppData\Local\Temp\surefire1037234597611850624 2020-05-07T11-20-56_089-jvmRun1 surefire907704759563533667tmp surefire_11673998056803414571tmp"/>
    <property name="surefire.test.class.path" value="D:\java_works\rpc_server\rpc_server_provider\target\test-classes;D:\java_works\rpc_server\rpc_server_provider\target\classes;D:\Maven_Local\junit\junit\4.11\junit-4.11.jar;D:\Maven_Local\org\hamcrest\hamcrest-core\1.3\hamcrest-core-1.3.jar;D:\java_works\rpc_server\rpc_server_api\target\rpc_server_api-1.0-SNAPSHOT.jar;"/>
    <property name="sun.cpu.endian" value="little"/>
    <property name="user.home" value="C:\Users\zelex"/>
    <property name="user.language" value="zh"/>
    <property name="java.specification.vendor" value="Oracle Corporation"/>
    <property name="java.home" value="D:\Programming Software\jdk1.8.0_221\jre"/>
    <property name="basedir" value="D:\java_works\rpc_server\rpc_server_provider"/>
    <property name="file.separator" value="\"/>
    <property name="line.separator" value="&#10;"/>
    <property name="java.vm.specification.vendor" value="Oracle Corporation"/>
    <property name="java.specification.name" value="Java Platform API Specification"/>
    <property name="java.awt.graphicsenv" value="sun.awt.Win32GraphicsEnvironment"/>
    <property name="surefire.real.class.path" value="C:\Users\zelex\AppData\Local\Temp\surefire1037234597611850624\surefirebooter4381653650076240382.jar"/>
    <property name="sun.boot.class.path" value="D:\Programming Software\jdk1.8.0_221\jre\lib\resources.jar;D:\Programming Software\jdk1.8.0_221\jre\lib\rt.jar;D:\Programming Software\jdk1.8.0_221\jre\lib\sunrsasign.jar;D:\Programming Software\jdk1.8.0_221\jre\lib\jsse.jar;D:\Programming Software\jdk1.8.0_221\jre\lib\jce.jar;D:\Programming Software\jdk1.8.0_221\jre\lib\charsets.jar;D:\Programming Software\jdk1.8.0_221\jre\lib\jfr.jar;D:\Programming Software\jdk1.8.0_221\jre\classes"/>
    <property name="user.script" value=""/>
    <property name="sun.management.compiler" value="HotSpot 64-Bit Tiered Compilers"/>
    <property name="java.runtime.version" value="1.8.0_221-b11"/>
    <property name="user.name" value="zelex"/>
    <property name="path.separator" value=";"/>
    <property name="os.version" value="10.0"/>
    <property name="java.endorsed.dirs" value="D:\Programming Software\jdk1.8.0_221\jre\lib\endorsed"/>
    <property name="java.runtime.name" value="Java(TM) SE Runtime Environment"/>
    <property name="file.encoding" value="GBK"/>
    <property name="java.vm.name" value="Java HotSpot(TM) 64-Bit Server VM"/>
    <property name="localRepository" value="D:\Maven_Local"/>
    <property name="java.vendor.url.bug" value="http://bugreport.sun.com/bugreport/"/>
    <property name="java.io.tmpdir" value="C:\Users\zelex\AppData\Local\Temp\"/>
    <property name="java.version" value="1.8.0_221"/>
    <property name="user.dir" value="D:\java_works\rpc_server\rpc_server_provider"/>
    <property name="os.arch" value="amd64"/>
    <property name="java.vm.specification.name" value="Java Virtual Machine Specification"/>
    <property name="java.awt.printerjob" value="sun.awt.windows.WPrinterJob"/>
    <property name="sun.os.patch.level" value=""/>
    <property name="idea.version2019.1" value="true"/>
    <property name="java.library.path" value="D:\Programming Software\jdk1.8.0_221\jre\bin;C:\WINDOWS\Sun\Java\bin;C:\WINDOWS\system32;C:\WINDOWS;C:\Program Files (x86)\NVIDIA Corporation\PhysX\Common;D:\Xshell6\;D:\Mathmatics Software\bin\win64;C:\Program Files (x86)\Common Files\Oracle\Java\javapath;.;D:\Programming Software\jdk1.8.0_221\bin;C:\Program Files (x86)\Common Files\Intel\Shared Libraries\redist\ia32\mpirt;C:\Program Files (x86)\Common Files\Intel\Shared Libraries\redist\ia32\compiler;C:\Program Files (x86)\Common Files\Intel\Shared Files\fortran\bin\ia32;C:\windows\system32;C:\windows;C:\windows\System32\Wbem;C:\windows\System32\WindowsPowerShell\v1.0\;C:\WINDOWS\system32;C:\WINDOWS;C:\WINDOWS\System32\Wbem;C:\WINDOWS\System32\WindowsPowerShell\v1.0\;C:\WINDOWS\System32\OpenSSH\;C:\TwinCAT\Common32;C:\TwinCAT\Common64;C:\Program Files (x86)\Windows Kits\8.1\Windows Performance Toolkit\;C:\Program Files\Intel\WiFi\bin\;C:\Program Files\Common Files\Intel\WirelessCommon\;D:\ProgramFiles(x86)\MySQL\MySQL Server 5.5\bin;D:\JavaEE_Softwares\Maven3.5.4\apache-maven-3.5.4\bin;D:\JavaEE_Softwares\Nodejs\;D:\MATLAB2013\bin;C:\Program Files\Microsoft Windows Performance Toolkit\;D:\ProgramFiles(x86)\MySQL5.7\mysql-5.7.24-winx64\bin;C:\Program Files (x86)\Microsoft SQL Server\110\Tools\Binn\;C:\Program Files\Microsoft SQL Server\110\Tools\Binn\;C:\Program Files\Microsoft SQL Server\110\DTS\Binn\;D:\AI_softwares\Python3_6\Scripts\;D:\AI_softwares\Python3_6\;D:\VC6.0\bin;D:\VC++6.0\Tools\WinNT;D:\VC++6.0\MSDev98\Bin;D:\VC++6.0\Tools;D:\VC98\bin;C:\Users\zelex\AppData\Local\Microsoft\WindowsApps;C:\Users\zelex\AppData\Local\BypassRuntm;C:\Users\zelex\AppData\Roaming\npm;D:\JavaEE_Softwares\Fildler\Fiddler;."/>
    <property name="java.vm.info" value="mixed mode"/>
    <property name="java.vendor" value="Oracle Corporation"/>
    <property name="java.vm.version" value="25.221-b11"/>
    <property name="java.ext.dirs" value="D:\Programming Software\jdk1.8.0_221\jre\lib\ext;C:\WINDOWS\Sun\Java\lib\ext"/>
    <property name="sun.io.unicode.encoding" value="UnicodeLittle"/>
    <property name="java.class.version" value="52.0"/>
  </properties>
  <testcase name="shouldAnswerWithTrue" classname="com.zelex.handrpc.AppTest" time="0.001"/>
</testsuite>